[2015-01-13 11:04:37,125] ERROR Unexpected error running tests
Traceback (most recent call last):
  File "./TestRunner.py", line 203, in run
    lineParser = parsers.LineParser(self.process.stderr)
AttributeError: 'NoneType' object has no attribute 'stderr'
[2015-01-13 11:25:35,789] ERROR Unexpected error running tests
Traceback (most recent call last):
  File "./TestRunner.py", line 203, in run
    lineParser = parsers.LineParser(self.process.stderr)
AttributeError: 'NoneType' object has no attribute 'stderr'
